2025-01-12T16:47:27.440+0100 INFO               [main]                         be.pxl.services.CommentServiceApp - Starting CommentServiceApp using Java 21 with PID 27520 (C:\Users\cress\Documents\School\Jaar 3\Semester 1\Fullstack Java\Project\project-Cresinkel\backend-java\project\comment-service\target\classes started by cress in C:\Users\cress\Documents\School\Jaar 3\Semester 1\Fullstack Java\Project\project-Cresinkel\backend-java\project)
2025-01-12T16:47:27.440+0100 DEBUG              [main]                         be.pxl.services.CommentServiceApp - Running with Spring Boot v3.3.5, Spring v6.1.14
2025-01-12T16:47:27.441+0100 INFO               [main]                         be.pxl.services.CommentServiceApp - No active profile set, falling back to 1 default profile: "default"
2025-01-12T16:47:33.416+0100 INFO               [main]                         be.pxl.services.CommentServiceApp - Started CommentServiceApp in 7.648 seconds (process running for 8.125)
2025-01-12T16:49:22.681+0100 INFO               [http-nio-8083-exec-6]         be.pxl.services.controller.CommentController - Getting Comments for Post with id: 102
2025-01-12T16:49:22.681+0100 INFO               [http-nio-8083-exec-5]         be.pxl.services.controller.CommentController - Getting Comments for Post with id: 152
2025-01-12T16:49:22.681+0100 INFO               [http-nio-8083-exec-2]         be.pxl.services.controller.CommentController - Getting Comments for Post with id: 202
2025-01-12T16:49:22.681+0100 INFO               [http-nio-8083-exec-4]         be.pxl.services.controller.CommentController - Getting Comments for Post with id: 352
2025-01-12T16:49:22.681+0100 INFO               [http-nio-8083-exec-1]         be.pxl.services.controller.CommentController - Getting Comments for Post with id: 53
2025-01-12T16:49:22.681+0100 INFO               [http-nio-8083-exec-3]         be.pxl.services.controller.CommentController - Getting Comments for Post with id: 252
2025-01-12T16:49:22.806+0100 INFO               [http-nio-8083-exec-7]         be.pxl.services.controller.CommentController - Getting Comments for Post with id: 1
2025-01-12T16:49:22.806+0100 INFO               [http-nio-8083-exec-9]         be.pxl.services.controller.CommentController - Getting Comments for Post with id: 52
2025-01-12T16:49:22.806+0100 INFO               [http-nio-8083-exec-8]         be.pxl.services.controller.CommentController - Getting Comments for Post with id: 2
2025-01-12T16:49:31.896+0100 INFO               [http-nio-8083-exec-10]        be.pxl.services.controller.CommentController - Creating Post: CommentRequest(description=wowie very cool, author=wouter, postId=352)
2025-01-12T16:49:31.929+0100 INFO               [http-nio-8083-exec-10]        be.pxl.services.service.ICommentService - Create Comment: Comment(id=352, postId=352, description=wowie very cool, author=wouter)
2025-01-12T16:49:31.939+0100 INFO               [http-nio-8083-exec-6]         be.pxl.services.controller.CommentController - Getting Comments for Post with id: 352
2025-01-12T16:49:37.717+0100 INFO               [http-nio-8083-exec-2]         be.pxl.services.controller.CommentController - Updating Review status for Comment with id: 352, Request: UpdateCommentRequest(description=wowie very cool yes maam, commentId=352), Performed by: wouter
2025-01-12T16:49:37.726+0100 DEBUG              [http-nio-8083-exec-2]         be.pxl.services.service.ICommentService - Found comment: Comment(id=352, postId=352, description=wowie very cool, author=wouter)
2025-01-12T16:49:37.735+0100 INFO               [http-nio-8083-exec-2]         be.pxl.services.service.ICommentService - Updated comment: Comment(id=352, postId=352, description=wowie very cool yes maam, author=wouter)
2025-01-12T16:49:38.851+0100 INFO               [http-nio-8083-exec-4]         be.pxl.services.controller.CommentController - Deleting Comment with id: 352, Performed by: wouter
2025-01-12T16:49:38.864+0100 INFO               [http-nio-8083-exec-4]         be.pxl.services.service.ICommentService - Deleted Comment with id: 352
2025-01-12T16:49:38.874+0100 INFO               [http-nio-8083-exec-1]         be.pxl.services.controller.CommentController - Getting Comments for Post with id: 352
2025-01-12T16:49:52.285+0100 INFO               [http-nio-8083-exec-5]         be.pxl.services.controller.CommentController - Creating Post: CommentRequest(description=gg, author=wouter, postId=352)
2025-01-12T16:49:52.291+0100 INFO               [http-nio-8083-exec-5]         be.pxl.services.service.ICommentService - Create Comment: Comment(id=353, postId=352, description=gg, author=wouter)
2025-01-12T16:49:52.300+0100 INFO               [http-nio-8083-exec-3]         be.pxl.services.controller.CommentController - Getting Comments for Post with id: 352
2025-01-12T17:01:45.505+0100 INFO               [main]                         be.pxl.services.CommentServiceApp - Starting CommentServiceApp using Java 21 with PID 27044 (C:\Users\cress\Documents\School\Jaar 3\Semester 1\Fullstack Java\Project\project-Cresinkel\backend-java\project\comment-service\target\classes started by cress in C:\Users\cress\Documents\School\Jaar 3\Semester 1\Fullstack Java\Project\project-Cresinkel\backend-java\project)
2025-01-12T17:01:45.506+0100 DEBUG              [main]                         be.pxl.services.CommentServiceApp - Running with Spring Boot v3.3.5, Spring v6.1.14
2025-01-12T17:01:45.506+0100 INFO               [main]                         be.pxl.services.CommentServiceApp - No active profile set, falling back to 1 default profile: "default"
2025-01-12T17:01:51.628+0100 INFO               [main]                         be.pxl.services.CommentServiceApp - Started CommentServiceApp in 7.77 seconds (process running for 8.227)
2025-01-12T17:01:58.482+0100 INFO               [main]                         be.pxl.services.ReviewServiceApp - Starting ReviewServiceApp using Java 21 with PID 3408 (C:\Users\cress\Documents\School\Jaar 3\Semester 1\Fullstack Java\Project\project-Cresinkel\backend-java\project\review-service\target\classes started by cress in C:\Users\cress\Documents\School\Jaar 3\Semester 1\Fullstack Java\Project\project-Cresinkel\backend-java\project)
2025-01-12T17:01:58.482+0100 DEBUG              [main]                         be.pxl.services.ReviewServiceApp - Running with Spring Boot v3.3.5, Spring v6.1.14
2025-01-12T17:01:58.482+0100 INFO               [main]                         be.pxl.services.ReviewServiceApp - No active profile set, falling back to 1 default profile: "default"
2025-01-12T17:02:04.747+0100 INFO               [main]                         be.pxl.services.ReviewServiceApp - Started ReviewServiceApp in 7.943 seconds (process running for 8.415)
2025-01-12T17:02:12.674+0100 INFO               [main]                         be.pxl.services.PostServiceApp - Starting PostServiceApp using Java 21 with PID 22044 (C:\Users\cress\Documents\School\Jaar 3\Semester 1\Fullstack Java\Project\project-Cresinkel\backend-java\project\post-service\target\classes started by cress in C:\Users\cress\Documents\School\Jaar 3\Semester 1\Fullstack Java\Project\project-Cresinkel\backend-java\project)
2025-01-12T17:02:12.674+0100 DEBUG              [main]                         be.pxl.services.PostServiceApp - Running with Spring Boot v3.3.5, Spring v6.1.14
2025-01-12T17:02:12.675+0100 INFO               [main]                         be.pxl.services.PostServiceApp - No active profile set, falling back to 1 default profile: "default"
2025-01-12T17:02:18.863+0100 INFO               [main]                         be.pxl.services.PostServiceApp - Started PostServiceApp in 7.848 seconds (process running for 8.318)
2025-01-12T17:02:58.350+0100 INFO               [http-nio-8081-exec-2]         be.pxl.services.controller.PostController - Received request to get all posts.
2025-01-12T17:02:58.350+0100 INFO               [http-nio-8081-exec-2]         be.pxl.services.service.PostService - Fetching all posts.
2025-01-12T17:02:58.358+0100 INFO               [http-nio-8081-exec-1]         be.pxl.services.controller.NotificationController - Fetching notifications for user: wouter
2025-01-12T17:02:58.358+0100 INFO               [http-nio-8081-exec-1]         be.pxl.services.service.NotificationService - Fetching notifications for user: wouter
2025-01-12T17:02:58.446+0100 INFO               [http-nio-8081-exec-1]         be.pxl.services.service.NotificationService - Fetched 0 notifications for user: wouter
2025-01-12T17:02:58.446+0100 INFO               [http-nio-8081-exec-1]         be.pxl.services.controller.NotificationController - Fetched notifications for user wouter: 0
2025-01-12T17:02:58.446+0100 INFO               [http-nio-8081-exec-2]         be.pxl.services.service.PostService - Posts fetched: [PostResponse(id=1, title=First Post, description=First Post, author=wouter, publicationDate=2024-12-12T15:44:33, lastEditedDate=null, isDraft=false, accepted=true, rejectionReason=Dit keer wel inorde opzich), PostResponse(id=2, title=Tweedeeee, description=2, author=wouter, publicationDate=2024-12-12T15:46:30, lastEditedDate=null, isDraft=false, accepted=true, rejectionReason=is goed ouwe), PostResponse(id=52, title=post 5, description=efe, author=wouter, publicationDate=2024-12-12T16:37:27, lastEditedDate=null, isDraft=false, accepted=true, rejectionReason=), PostResponse(id=53, title=Cool post, description=this is such a cool post, author=wouter, publicationDate=2024-12-12T16:40:35, lastEditedDate=null, isDraft=false, accepted=true, rejectionReason=), PostResponse(id=102, title=Wow, description=Cool, author=WouterCressato, publicationDate=2025-01-12T11:25:30, lastEditedDate=null, isDraft=false, accepted=true, rejectionReason=), PostResponse(id=152, title=rfrf, description=zzz, author=wouter, publicationDate=2025-01-12T14:05:16, lastEditedDate=null, isDraft=false, accepted=true, rejectionReason=), PostResponse(id=202, title=Test Reviews, description=This is a test Fixed, author=kian, publicationDate=2025-01-12T12:06:50, lastEditedDate=2025-01-12T12:06:36, isDraft=false, accepted=true, rejectionReason=), PostResponse(id=252, title=dcsdcd, description=dcc, author=wouter, publicationDate=2025-01-12T14:05:45, lastEditedDate=null, isDraft=false, accepted=true, rejectionReason=), PostResponse(id=352, title=fffffffff, description=fffffffffffffffffffffffffffffff, author=wouter, publicationDate=2025-01-12T15:35:49, lastEditedDate=null, isDraft=false, accepted=true, rejectionReason=)]
2025-01-12T17:02:58.448+0100 INFO               [http-nio-8081-exec-2]         be.pxl.services.controller.PostController - Successfully retrieved all posts.
2025-01-12T17:02:58.573+0100 INFO               [http-nio-8083-exec-6]         be.pxl.services.controller.CommentController - Getting Comments for Post with id: 102
2025-01-12T17:02:58.573+0100 INFO               [http-nio-8083-exec-2]         be.pxl.services.controller.CommentController - Getting Comments for Post with id: 202
2025-01-12T17:02:58.573+0100 INFO               [http-nio-8083-exec-3]         be.pxl.services.controller.CommentController - Getting Comments for Post with id: 352
2025-01-12T17:02:58.573+0100 INFO               [http-nio-8083-exec-5]         be.pxl.services.controller.CommentController - Getting Comments for Post with id: 252
2025-01-12T17:02:58.573+0100 INFO               [http-nio-8083-exec-9]         be.pxl.services.controller.CommentController - Getting Comments for Post with id: 53
2025-01-12T17:02:58.573+0100 INFO               [http-nio-8083-exec-1]         be.pxl.services.controller.CommentController - Getting Comments for Post with id: 152
2025-01-12T17:02:58.691+0100 INFO               [http-nio-8083-exec-8]         be.pxl.services.controller.CommentController - Getting Comments for Post with id: 1
2025-01-12T17:02:58.691+0100 INFO               [http-nio-8083-exec-4]         be.pxl.services.controller.CommentController - Getting Comments for Post with id: 52
2025-01-12T17:02:58.691+0100 INFO               [http-nio-8083-exec-7]         be.pxl.services.controller.CommentController - Getting Comments for Post with id: 2
2025-01-12T17:03:10.222+0100 INFO               [http-nio-8083-exec-10]        be.pxl.services.controller.CommentController - Deleting Comment with id: 353, Performed by: wouter
2025-01-12T17:03:10.258+0100 INFO               [http-nio-8083-exec-10]        be.pxl.services.service.ICommentService - Deleted Comment with id: 353
2025-01-12T17:03:10.269+0100 INFO               [http-nio-8083-exec-2]         be.pxl.services.controller.CommentController - Getting Comments for Post with id: 352
2025-01-12T17:03:11.989+0100 INFO               [http-nio-8083-exec-9]         be.pxl.services.controller.CommentController - Creating Post: CommentRequest(description=fff, author=wouter, postId=352)
2025-01-12T17:03:12.007+0100 INFO               [http-nio-8083-exec-9]         be.pxl.services.service.ICommentService - Create Comment: Comment(id=402, postId=352, description=fff, author=wouter)
2025-01-12T17:03:12.016+0100 INFO               [http-nio-8083-exec-1]         be.pxl.services.controller.CommentController - Getting Comments for Post with id: 352
2025-01-12T17:03:14.033+0100 INFO               [http-nio-8083-exec-3]         be.pxl.services.controller.CommentController - Updating Review status for Comment with id: 402, Request: UpdateCommentRequest(description=ffffff, commentId=402), Performed by: wouter
2025-01-12T17:03:14.036+0100 DEBUG              [http-nio-8083-exec-3]         be.pxl.services.service.ICommentService - Found comment: Comment(id=402, postId=352, description=fff, author=wouter)
2025-01-12T17:03:14.045+0100 INFO               [http-nio-8083-exec-3]         be.pxl.services.service.ICommentService - Updated comment: Comment(id=402, postId=352, description=ffffff, author=wouter)
2025-01-12T17:03:14.841+0100 INFO               [http-nio-8083-exec-5]         be.pxl.services.controller.CommentController - Deleting Comment with id: 402, Performed by: wouter
2025-01-12T17:03:14.848+0100 INFO               [http-nio-8083-exec-5]         be.pxl.services.service.ICommentService - Deleted Comment with id: 402
2025-01-12T17:03:14.855+0100 INFO               [http-nio-8083-exec-6]         be.pxl.services.controller.CommentController - Getting Comments for Post with id: 352
2025-01-12T17:03:16.463+0100 INFO               [http-nio-8081-exec-4]         be.pxl.services.controller.NotificationController - Fetching notifications for user: wouter
2025-01-12T17:03:16.463+0100 INFO               [http-nio-8081-exec-4]         be.pxl.services.service.NotificationService - Fetching notifications for user: wouter
2025-01-12T17:03:16.466+0100 INFO               [http-nio-8081-exec-4]         be.pxl.services.service.NotificationService - Fetched 0 notifications for user: wouter
2025-01-12T17:03:16.466+0100 INFO               [http-nio-8081-exec-4]         be.pxl.services.controller.NotificationController - Fetched notifications for user wouter: 0
2025-01-12T17:03:19.721+0100 INFO               [http-nio-8081-exec-3]         be.pxl.services.controller.PostController - Received request to create post: PostRequest(title=ede, description=eeeeeee, author=wouter, isDraft=true)
2025-01-12T17:03:19.722+0100 INFO               [http-nio-8081-exec-3]         be.pxl.services.service.PostService - Creating post: PostRequest(title=ede, description=eeeeeee, author=wouter, isDraft=true)
2025-01-12T17:03:19.757+0100 INFO               [http-nio-8081-exec-3]         be.pxl.services.service.PostService - Post created: Post(id=402, title=ede, description=eeeeeee, author=wouter, publicationDate=2025-01-12T17:03:19.722265700, lastEditedDate=null, isDraft=true, accepted=false, rejectionReason=null)
2025-01-12T17:03:19.757+0100 INFO               [http-nio-8081-exec-3]         be.pxl.services.controller.PostController - Successfully created post: PostRequest(title=ede, description=eeeeeee, author=wouter, isDraft=true)
2025-01-12T17:03:19.783+0100 INFO               [http-nio-8081-exec-5]         be.pxl.services.controller.NotificationController - Fetching notifications for user: wouter
2025-01-12T17:03:19.783+0100 INFO               [http-nio-8081-exec-5]         be.pxl.services.service.NotificationService - Fetching notifications for user: wouter
2025-01-12T17:03:19.784+0100 INFO               [http-nio-8081-exec-6]         be.pxl.services.controller.PostController - Received request to get drafts: DraftsRequest(author=wouter)
2025-01-12T17:03:19.785+0100 INFO               [http-nio-8081-exec-6]         be.pxl.services.service.PostService - Fetching drafts for request: DraftsRequest(author=wouter)
2025-01-12T17:03:19.785+0100 INFO               [http-nio-8081-exec-5]         be.pxl.services.service.NotificationService - Fetched 0 notifications for user: wouter
2025-01-12T17:03:19.786+0100 INFO               [http-nio-8081-exec-5]         be.pxl.services.controller.NotificationController - Fetched notifications for user wouter: 0
2025-01-12T17:03:19.788+0100 INFO               [http-nio-8081-exec-6]         be.pxl.services.service.PostService - Drafts fetched: [PostResponse(id=402, title=ede, description=eeeeeee, author=wouter, publicationDate=2025-01-12T17:03:19, lastEditedDate=null, isDraft=true, accepted=false, rejectionReason=null)]
2025-01-12T17:03:19.788+0100 INFO               [http-nio-8081-exec-6]         be.pxl.services.controller.PostController - Successfully retrieved drafts for request: DraftsRequest(author=wouter)
2025-01-12T17:03:20.785+0100 INFO               [http-nio-8081-exec-7]         be.pxl.services.controller.PostController - Received request to send draft for review: DraftRequest(id=402)
2025-01-12T17:03:20.785+0100 INFO               [http-nio-8081-exec-7]         be.pxl.services.service.PostService - Sending draft for review: DraftRequest(id=402)
2025-01-12T17:03:20.793+0100 DEBUG              [http-nio-8081-exec-7]         be.pxl.services.service.PostService - Post found for review: Post(id=402, title=ede, description=eeeeeee, author=wouter, publicationDate=2025-01-12T17:03:19, lastEditedDate=null, isDraft=true, accepted=false, rejectionReason=null)
2025-01-12T17:03:20.804+0100 INFO               [http-nio-8081-exec-7]         be.pxl.services.service.PostService - Draft updated to non-draft: Post(id=402, title=ede, description=eeeeeee, author=wouter, publicationDate=2025-01-12T17:03:19, lastEditedDate=null, isDraft=false, accepted=false, rejectionReason=null)
2025-01-12T17:03:20.804+0100 INFO               [http-nio-8081-exec-7]         be.pxl.services.service.PostService - Sending post with ID: 402 for acceptation
2025-01-12T17:03:20.805+0100 INFO               [http-nio-8081-exec-7]         be.pxl.services.service.PostService - Post is valid for review. Sending to review queue: Post(id=402, title=ede, description=eeeeeee, author=wouter, publicationDate=2025-01-12T17:03:19, lastEditedDate=null, isDraft=false, accepted=false, rejectionReason=null)
2025-01-12T17:03:20.814+0100 INFO               [http-nio-8081-exec-7]         be.pxl.services.service.PostService - Post sent to review queue: ReviewResponse(id=402, title=ede, description=eeeeeee, author=wouter, publicationDate=2025-01-12T17:03:19, lastEditedDate=null, accepted=false, rejectionReason=null)
2025-01-12T17:03:20.815+0100 INFO               [http-nio-8081-exec-7]         be.pxl.services.controller.PostController - Successfully sent draft for review: DraftRequest(id=402)
2025-01-12T17:03:20.823+0100 INFO               [http-nio-8081-exec-8]         be.pxl.services.controller.PostController - Received request to get drafts: DraftsRequest(author=wouter)
2025-01-12T17:03:20.823+0100 INFO               [http-nio-8081-exec-8]         be.pxl.services.service.PostService - Fetching drafts for request: DraftsRequest(author=wouter)
2025-01-12T17:03:20.823+0100 INFO               [org.springframework.amqp.rabbit.RabbitListenerEndpointContainer#0-1] be.pxl.services.service.ReviewService - Received review message: ReviewResponse(id=402, title=ede, description=eeeeeee, author=wouter, publicationDate=2025-01-12T17:03:19, lastEditedDate=null, accepted=false, rejectionReason=null)
2025-01-12T17:03:20.826+0100 INFO               [http-nio-8081-exec-8]         be.pxl.services.service.PostService - Drafts fetched: []
2025-01-12T17:03:20.827+0100 INFO               [http-nio-8081-exec-8]         be.pxl.services.controller.PostController - Successfully retrieved drafts for request: DraftsRequest(author=wouter)
2025-01-12T17:03:20.872+0100 INFO               [org.springframework.amqp.rabbit.RabbitListenerEndpointContainer#0-1] be.pxl.services.service.ReviewService - Review not found, creating new review for ID: 402
2025-01-12T17:03:20.904+0100 INFO               [org.springframework.amqp.rabbit.RabbitListenerEndpointContainer#0-1] be.pxl.services.service.ReviewService - New review saved: Review(id=402, title=ede, description=eeeeeee, author=wouter, publicationDate=2025-01-12T17:03:19, lastEditedDate=null, accepted=false, rejectionReason=null)
2025-01-12T17:03:25.521+0100 INFO               [http-nio-8081-exec-10]        be.pxl.services.controller.PostController - Received request to get all posts.
2025-01-12T17:03:25.521+0100 INFO               [http-nio-8081-exec-9]         be.pxl.services.controller.NotificationController - Fetching notifications for user: admin
2025-01-12T17:03:25.522+0100 INFO               [http-nio-8081-exec-10]        be.pxl.services.service.PostService - Fetching all posts.
2025-01-12T17:03:25.522+0100 INFO               [http-nio-8081-exec-9]         be.pxl.services.service.NotificationService - Fetching notifications for user: admin
2025-01-12T17:03:25.524+0100 INFO               [http-nio-8081-exec-9]         be.pxl.services.service.NotificationService - Fetched 0 notifications for user: admin
2025-01-12T17:03:25.524+0100 INFO               [http-nio-8081-exec-9]         be.pxl.services.controller.NotificationController - Fetched notifications for user admin: 0
2025-01-12T17:03:25.525+0100 INFO               [http-nio-8081-exec-10]        be.pxl.services.service.PostService - Posts fetched: [PostResponse(id=1, title=First Post, description=First Post, author=wouter, publicationDate=2024-12-12T15:44:33, lastEditedDate=null, isDraft=false, accepted=true, rejectionReason=Dit keer wel inorde opzich), PostResponse(id=2, title=Tweedeeee, description=2, author=wouter, publicationDate=2024-12-12T15:46:30, lastEditedDate=null, isDraft=false, accepted=true, rejectionReason=is goed ouwe), PostResponse(id=52, title=post 5, description=efe, author=wouter, publicationDate=2024-12-12T16:37:27, lastEditedDate=null, isDraft=false, accepted=true, rejectionReason=), PostResponse(id=53, title=Cool post, description=this is such a cool post, author=wouter, publicationDate=2024-12-12T16:40:35, lastEditedDate=null, isDraft=false, accepted=true, rejectionReason=), PostResponse(id=102, title=Wow, description=Cool, author=WouterCressato, publicationDate=2025-01-12T11:25:30, lastEditedDate=null, isDraft=false, accepted=true, rejectionReason=), PostResponse(id=152, title=rfrf, description=zzz, author=wouter, publicationDate=2025-01-12T14:05:16, lastEditedDate=null, isDraft=false, accepted=true, rejectionReason=), PostResponse(id=202, title=Test Reviews, description=This is a test Fixed, author=kian, publicationDate=2025-01-12T12:06:50, lastEditedDate=2025-01-12T12:06:36, isDraft=false, accepted=true, rejectionReason=), PostResponse(id=252, title=dcsdcd, description=dcc, author=wouter, publicationDate=2025-01-12T14:05:45, lastEditedDate=null, isDraft=false, accepted=true, rejectionReason=), PostResponse(id=352, title=fffffffff, description=fffffffffffffffffffffffffffffff, author=wouter, publicationDate=2025-01-12T15:35:49, lastEditedDate=null, isDraft=false, accepted=true, rejectionReason=)]
2025-01-12T17:03:25.525+0100 INFO               [http-nio-8081-exec-10]        be.pxl.services.controller.PostController - Successfully retrieved all posts.
2025-01-12T17:03:25.537+0100 INFO               [http-nio-8083-exec-4]         be.pxl.services.controller.CommentController - Getting Comments for Post with id: 252
2025-01-12T17:03:25.537+0100 INFO               [http-nio-8083-exec-8]         be.pxl.services.controller.CommentController - Getting Comments for Post with id: 352
2025-01-12T17:03:25.537+0100 INFO               [http-nio-8083-exec-10]        be.pxl.services.controller.CommentController - Getting Comments for Post with id: 102
2025-01-12T17:03:25.537+0100 INFO               [http-nio-8083-exec-9]         be.pxl.services.controller.CommentController - Getting Comments for Post with id: 53
2025-01-12T17:03:25.537+0100 INFO               [http-nio-8083-exec-7]         be.pxl.services.controller.CommentController - Getting Comments for Post with id: 202
2025-01-12T17:03:25.537+0100 INFO               [http-nio-8083-exec-2]         be.pxl.services.controller.CommentController - Getting Comments for Post with id: 152
2025-01-12T17:03:25.546+0100 INFO               [http-nio-8083-exec-1]         be.pxl.services.controller.CommentController - Getting Comments for Post with id: 52
2025-01-12T17:03:25.546+0100 INFO               [http-nio-8083-exec-3]         be.pxl.services.controller.CommentController - Getting Comments for Post with id: 2
2025-01-12T17:03:25.546+0100 INFO               [http-nio-8083-exec-5]         be.pxl.services.controller.CommentController - Getting Comments for Post with id: 1
2025-01-12T17:03:27.760+0100 INFO               [http-nio-8081-exec-1]         be.pxl.services.controller.NotificationController - Fetching notifications for user: admin
2025-01-12T17:03:27.760+0100 INFO               [http-nio-8081-exec-1]         be.pxl.services.service.NotificationService - Fetching notifications for user: admin
2025-01-12T17:03:27.763+0100 INFO               [http-nio-8081-exec-1]         be.pxl.services.service.NotificationService - Fetched 0 notifications for user: admin
2025-01-12T17:03:27.763+0100 INFO               [http-nio-8081-exec-1]         be.pxl.services.controller.NotificationController - Fetched notifications for user admin: 0
2025-01-12T17:03:27.859+0100 INFO               [http-nio-8082-exec-1]         be.pxl.services.controller.ReviewController - Request to fetch all reviews by role: admin
2025-01-12T17:03:27.860+0100 INFO               [http-nio-8082-exec-1]         be.pxl.services.service.ReviewService - Fetching all reviews
2025-01-12T17:03:27.922+0100 INFO               [http-nio-8082-exec-1]         be.pxl.services.service.ReviewService - Fetched 1 reviews
2025-01-12T17:03:27.922+0100 INFO               [http-nio-8082-exec-1]         be.pxl.services.controller.ReviewController - Fetched 1 reviews.
2025-01-12T17:03:30.416+0100 INFO               [http-nio-8082-exec-2]         be.pxl.services.controller.ReviewController - Request to update review status for review ID: 402 by role: admin
2025-01-12T17:03:30.417+0100 INFO               [http-nio-8082-exec-2]         be.pxl.services.service.ReviewService - Updating review status for review ID: 402
2025-01-12T17:03:30.427+0100 INFO               [http-nio-8082-exec-2]         be.pxl.services.service.ReviewService - Sending updated review to ReviewQueue: ReviewResponse(id=402, title=ede, description=eeeeeee, author=wouter, publicationDate=2025-01-12T17:03:19, lastEditedDate=null, accepted=false, rejectionReason=edfef)
2025-01-12T17:03:30.434+0100 INFO               [http-nio-8082-exec-2]         be.pxl.services.service.ReviewService - Sending notification: NotificationRequest(description=Your post 'ede' has been denied, postId=402)
2025-01-12T17:03:30.442+0100 INFO               [org.springframework.amqp.rabbit.RabbitListenerEndpointContainer#0-1] be.pxl.services.service.PostService - Processing review response: ReviewResponse(id=402, title=ede, description=eeeeeee, author=wouter, publicationDate=2025-01-12T17:03:19, lastEditedDate=null, accepted=false, rejectionReason=edfef)
2025-01-12T17:03:30.450+0100 INFO               [org.springframework.amqp.rabbit.RabbitListenerEndpointContainer#0-1] be.pxl.services.service.PostService - Review processed and post updated: Post(id=402, title=ede, description=eeeeeee, author=wouter, publicationDate=2025-01-12T17:03:19, lastEditedDate=null, isDraft=true, accepted=false, rejectionReason=edfef)
2025-01-12T17:03:30.502+0100 INFO               [http-nio-8081-exec-2]         be.pxl.services.controller.NotificationController - Creating notification: NotificationRequest(description=Your post 'ede' has been denied, postId=402)
2025-01-12T17:03:30.502+0100 INFO               [http-nio-8081-exec-2]         be.pxl.services.service.NotificationService - Creating notification for post ID: 402
2025-01-12T17:03:30.502+0100 INFO               [http-nio-8081-exec-2]         be.pxl.services.service.PostService - Fetching author of post with ID: 402
2025-01-12T17:03:30.505+0100 INFO               [http-nio-8081-exec-2]         be.pxl.services.service.PostService - Author found: wouter
2025-01-12T17:03:30.514+0100 INFO               [http-nio-8081-exec-2]         be.pxl.services.service.NotificationService - Notification created: Notification(id=352, description=Your post 'ede' has been denied, user=wouter, postId=402)
2025-01-12T17:03:30.514+0100 INFO               [http-nio-8081-exec-2]         be.pxl.services.controller.NotificationController - Notification created: NotificationRequest(description=Your post 'ede' has been denied, postId=402)
2025-01-12T17:03:30.527+0100 INFO               [http-nio-8082-exec-2]         be.pxl.services.service.ReviewService - Deleted review with ID: 402
2025-01-12T17:03:30.528+0100 INFO               [http-nio-8082-exec-2]         be.pxl.services.controller.ReviewController - Review updated: Review(id=402, title=ede, description=eeeeeee, author=wouter, publicationDate=2025-01-12T17:03:19, lastEditedDate=null, accepted=false, rejectionReason=edfef)
2025-01-12T17:03:30.536+0100 INFO               [http-nio-8082-exec-3]         be.pxl.services.controller.ReviewController - Request to fetch all reviews by role: admin
2025-01-12T17:03:30.538+0100 INFO               [http-nio-8082-exec-3]         be.pxl.services.service.ReviewService - Fetching all reviews
2025-01-12T17:03:30.540+0100 INFO               [http-nio-8082-exec-3]         be.pxl.services.service.ReviewService - Fetched 0 reviews
2025-01-12T17:03:30.540+0100 INFO               [http-nio-8082-exec-3]         be.pxl.services.controller.ReviewController - Fetched 0 reviews.
