2025-01-12T18:14:50.696+0100 INFO               [main]                         be.pxl.services.rabbitmq.QueueConfigurationTests - Starting QueueConfigurationTests using Java 21 with PID 22524 (started by cress in C:\Users\cress\Documents\School\Jaar 3\Semester 1\Fullstack Java\Project\project-Cresinkel\backend-java\project\review-service)
2025-01-12T18:14:50.698+0100 DEBUG              [main]                         be.pxl.services.rabbitmq.QueueConfigurationTests - Running with Spring Boot v3.3.5, Spring v6.1.14
2025-01-12T18:14:50.698+0100 INFO               [main]                         be.pxl.services.rabbitmq.QueueConfigurationTests - No active profile set, falling back to 1 default profile: "default"
2025-01-12T18:20:04.228+0100 INFO               [main]                         be.pxl.services.rabbitmq.QueueConfigurationTests - Starting QueueConfigurationTests using Java 21 with PID 16152 (started by cress in C:\Users\cress\Documents\School\Jaar 3\Semester 1\Fullstack Java\Project\project-Cresinkel\backend-java\project\review-service)
2025-01-12T18:20:04.229+0100 DEBUG              [main]                         be.pxl.services.rabbitmq.QueueConfigurationTests - Running with Spring Boot v3.3.5, Spring v6.1.14
2025-01-12T18:20:04.230+0100 INFO               [main]                         be.pxl.services.rabbitmq.QueueConfigurationTests - No active profile set, falling back to 1 default profile: "default"
2025-01-12T18:25:41.812+0100 INFO               [main]                         be.pxl.services.rabbitmq.QueueConfigurationTests - Starting QueueConfigurationTests using Java 21 with PID 20228 (started by cress in C:\Users\cress\Documents\School\Jaar 3\Semester 1\Fullstack Java\Project\project-Cresinkel\backend-java\project\review-service)
2025-01-12T18:25:41.813+0100 DEBUG              [main]                         be.pxl.services.rabbitmq.QueueConfigurationTests - Running with Spring Boot v3.3.5, Spring v6.1.14
2025-01-12T18:25:41.813+0100 INFO               [main]                         be.pxl.services.rabbitmq.QueueConfigurationTests - No active profile set, falling back to 1 default profile: "default"
2025-01-12T18:25:42.900+0100 INFO               [main]                         be.pxl.services.rabbitmq.QueueConfigurationTests - Started QueueConfigurationTests in 2.872 seconds (process running for 3.64)
2025-01-12T18:25:54.844+0100 INFO               [main]                         be.pxl.services.rabbitmq.QueueConfigurationTests - Starting QueueConfigurationTests using Java 21 with PID 17056 (started by cress in C:\Users\cress\Documents\School\Jaar 3\Semester 1\Fullstack Java\Project\project-Cresinkel\backend-java\project\review-service)
2025-01-12T18:25:54.845+0100 DEBUG              [main]                         be.pxl.services.rabbitmq.QueueConfigurationTests - Running with Spring Boot v3.3.5, Spring v6.1.14
2025-01-12T18:25:54.846+0100 INFO               [main]                         be.pxl.services.rabbitmq.QueueConfigurationTests - No active profile set, falling back to 1 default profile: "default"
2025-01-12T18:25:55.176+0100 INFO               [main]                         be.pxl.services.rabbitmq.QueueConfigurationTests - Started QueueConfigurationTests in 2.801 seconds (process running for 6.134)
2025-01-12T18:27:15.892+0100 INFO               [main]                         be.pxl.services.rabbitmq.QueueConfigurationTests - Starting QueueConfigurationTests using Java 21 with PID 20656 (started by cress in C:\Users\cress\Documents\School\Jaar 3\Semester 1\Fullstack Java\Project\project-Cresinkel\backend-java\project\review-service)
2025-01-12T18:27:15.893+0100 DEBUG              [main]                         be.pxl.services.rabbitmq.QueueConfigurationTests - Running with Spring Boot v3.3.5, Spring v6.1.14
2025-01-12T18:27:15.893+0100 INFO               [main]                         be.pxl.services.rabbitmq.QueueConfigurationTests - No active profile set, falling back to 1 default profile: "default"
2025-01-12T18:27:16.198+0100 INFO               [main]                         be.pxl.services.rabbitmq.QueueConfigurationTests - Started QueueConfigurationTests in 2.674 seconds (process running for 6.041)
2025-01-12T18:27:34.974+0100 INFO               [main]                         be.pxl.services.rabbitmq.QueueConfigurationTests - Starting QueueConfigurationTests using Java 21 with PID 5080 (started by cress in C:\Users\cress\Documents\School\Jaar 3\Semester 1\Fullstack Java\Project\project-Cresinkel\backend-java\project\review-service)
2025-01-12T18:27:34.975+0100 DEBUG              [main]                         be.pxl.services.rabbitmq.QueueConfigurationTests - Running with Spring Boot v3.3.5, Spring v6.1.14
2025-01-12T18:27:34.975+0100 INFO               [main]                         be.pxl.services.rabbitmq.QueueConfigurationTests - No active profile set, falling back to 1 default profile: "default"
2025-01-12T18:27:53.263+0100 INFO               [main]                         be.pxl.services.rabbitmq.QueueConfigurationTests - Starting QueueConfigurationTests using Java 21 with PID 11556 (started by cress in C:\Users\cress\Documents\School\Jaar 3\Semester 1\Fullstack Java\Project\project-Cresinkel\backend-java\project\review-service)
2025-01-12T18:27:53.264+0100 DEBUG              [main]                         be.pxl.services.rabbitmq.QueueConfigurationTests - Running with Spring Boot v3.3.5, Spring v6.1.14
2025-01-12T18:27:53.264+0100 INFO               [main]                         be.pxl.services.rabbitmq.QueueConfigurationTests - No active profile set, falling back to 1 default profile: "default"
2025-01-12T18:27:53.632+0100 INFO               [main]                         be.pxl.services.rabbitmq.QueueConfigurationTests - Started QueueConfigurationTests in 2.904 seconds (process running for 6.301)
2025-01-12T20:07:32.181+0100 INFO               [main]                         be.pxl.services.controller.ReviewControllerTests - Starting ReviewControllerTests using Java 21 with PID 24372 (started by cress in C:\Users\cress\Documents\School\Jaar 3\Semester 1\Fullstack Java\Project\project-Cresinkel\backend-java\project\review-service)
2025-01-12T20:07:32.181+0100 DEBUG              [main]                         be.pxl.services.controller.ReviewControllerTests - Running with Spring Boot v3.3.5, Spring v6.1.14
2025-01-12T20:07:32.182+0100 INFO               [main]                         be.pxl.services.controller.ReviewControllerTests - No active profile set, falling back to 1 default profile: "default"
2025-01-12T20:07:38.238+0100 INFO               [main]                         be.pxl.services.controller.ReviewControllerTests - Started ReviewControllerTests in 7.713 seconds (process running for 20.844)
2025-01-12T20:07:38.239+0100 INFO               [org.springframework.amqp.rabbit.RabbitListenerEndpointContainer#0-1] be.pxl.services.service.ReviewService - Received review message: ReviewResponse(id=6, title=Title, description=Description, author=Author, publicationDate=null, lastEditedDate=null, accepted=false, rejectionReason=null)
2025-01-12T20:07:38.309+0100 INFO               [org.springframework.amqp.rabbit.RabbitListenerEndpointContainer#0-1] be.pxl.services.service.ReviewService - Review not found, creating new review for ID: 6
2025-01-12T20:07:38.352+0100 INFO               [org.springframework.amqp.rabbit.RabbitListenerEndpointContainer#0-1] be.pxl.services.service.ReviewService - New review saved: Review(id=6, title=Title, description=Description, author=Author, publicationDate=null, lastEditedDate=null, accepted=false, rejectionReason=null)
2025-01-12T20:11:55.298+0100 INFO               [main]                         be.pxl.services.controller.ReviewControllerTests - Starting ReviewControllerTests using Java 21 with PID 25636 (started by cress in C:\Users\cress\Documents\School\Jaar 3\Semester 1\Fullstack Java\Project\project-Cresinkel\backend-java\project\review-service)
2025-01-12T20:11:55.299+0100 DEBUG              [main]                         be.pxl.services.controller.ReviewControllerTests - Running with Spring Boot v3.3.5, Spring v6.1.14
2025-01-12T20:11:55.299+0100 INFO               [main]                         be.pxl.services.controller.ReviewControllerTests - No active profile set, falling back to 1 default profile: "default"
2025-01-12T20:12:02.078+0100 INFO               [main]                         be.pxl.services.controller.ReviewControllerTests - Started ReviewControllerTests in 8.603 seconds (process running for 21.963)
2025-01-12T20:14:48.049+0100 INFO               [main]                         be.pxl.services.controller.ReviewControllerTests - Starting ReviewControllerTests using Java 21 with PID 26608 (started by cress in C:\Users\cress\Documents\School\Jaar 3\Semester 1\Fullstack Java\Project\project-Cresinkel\backend-java\project\review-service)
2025-01-12T20:14:48.050+0100 DEBUG              [main]                         be.pxl.services.controller.ReviewControllerTests - Running with Spring Boot v3.3.5, Spring v6.1.14
2025-01-12T20:14:48.050+0100 INFO               [main]                         be.pxl.services.controller.ReviewControllerTests - No active profile set, falling back to 1 default profile: "default"
2025-01-12T20:14:54.030+0100 INFO               [main]                         be.pxl.services.controller.ReviewControllerTests - Started ReviewControllerTests in 7.646 seconds (process running for 20.648)
2025-01-12T20:17:58.107+0100 INFO               [main]                         be.pxl.services.controller.ReviewControllerTests - Starting ReviewControllerTests using Java 21 with PID 24288 (started by cress in C:\Users\cress\Documents\School\Jaar 3\Semester 1\Fullstack Java\Project\project-Cresinkel\backend-java\project\review-service)
2025-01-12T20:17:58.108+0100 DEBUG              [main]                         be.pxl.services.controller.ReviewControllerTests - Running with Spring Boot v3.3.5, Spring v6.1.14
2025-01-12T20:17:58.108+0100 INFO               [main]                         be.pxl.services.controller.ReviewControllerTests - No active profile set, falling back to 1 default profile: "default"
2025-01-12T20:18:04.358+0100 INFO               [main]                         be.pxl.services.controller.ReviewControllerTests - Started ReviewControllerTests in 7.929 seconds (process running for 21.134)
2025-01-12T20:25:35.252+0100 INFO               [main]                         be.pxl.services.controller.ReviewControllerTests - Starting ReviewControllerTests using Java 21 with PID 8088 (started by cress in C:\Users\cress\Documents\School\Jaar 3\Semester 1\Fullstack Java\Project\project-Cresinkel\backend-java\project\review-service)
2025-01-12T20:25:35.253+0100 DEBUG              [main]                         be.pxl.services.controller.ReviewControllerTests - Running with Spring Boot v3.3.5, Spring v6.1.14
2025-01-12T20:25:35.254+0100 INFO               [main]                         be.pxl.services.controller.ReviewControllerTests - No active profile set, falling back to 1 default profile: "default"
2025-01-12T20:25:41.245+0100 INFO               [main]                         be.pxl.services.controller.ReviewControllerTests - Started ReviewControllerTests in 7.641 seconds (process running for 20.808)
2025-01-12T20:27:10.790+0100 INFO               [main]                         be.pxl.services.controller.ReviewControllerTests - Starting ReviewControllerTests using Java 21 with PID 7820 (started by cress in C:\Users\cress\Documents\School\Jaar 3\Semester 1\Fullstack Java\Project\project-Cresinkel\backend-java\project\review-service)
2025-01-12T20:27:10.790+0100 DEBUG              [main]                         be.pxl.services.controller.ReviewControllerTests - Running with Spring Boot v3.3.5, Spring v6.1.14
2025-01-12T20:27:10.791+0100 INFO               [main]                         be.pxl.services.controller.ReviewControllerTests - No active profile set, falling back to 1 default profile: "default"
2025-01-12T20:27:16.745+0100 INFO               [main]                         be.pxl.services.controller.ReviewControllerTests - Started ReviewControllerTests in 7.666 seconds (process running for 20.88)
2025-01-12T20:27:17.348+0100 INFO               [main]                         be.pxl.services.controller.ReviewController - Request to fetch all reviews by role: admin
2025-01-12T20:27:17.348+0100 INFO               [main]                         be.pxl.services.service.ReviewService - Fetching all reviews
2025-01-12T20:27:17.357+0100 INFO               [main]                         be.pxl.services.service.ReviewService - Fetched 2 reviews
2025-01-12T20:27:17.358+0100 INFO               [main]                         be.pxl.services.controller.ReviewController - Fetched 2 reviews.
2025-01-12T20:27:17.455+0100 INFO               [main]                         be.pxl.services.controller.ReviewController - Fetching review with ID: 1
2025-01-12T20:27:17.455+0100 INFO               [main]                         be.pxl.services.service.ReviewService - Fetching review with ID: 1
2025-01-12T20:27:17.462+0100 INFO               [main]                         be.pxl.services.service.ReviewService - Fetched review: ReviewResponse(id=1, title=Title, description=Description, author=Author, publicationDate=null, lastEditedDate=null, accepted=false, rejectionReason=null)
2025-01-12T20:27:17.464+0100 INFO               [main]                         be.pxl.services.controller.ReviewController - Fetched review: ReviewResponse(id=1, title=Title, description=Description, author=Author, publicationDate=null, lastEditedDate=null, accepted=false, rejectionReason=null)
2025-01-12T20:27:17.483+0100 INFO               [main]                         be.pxl.services.controller.ReviewController - Fetching review with ID: 999
2025-01-12T20:27:17.483+0100 INFO               [main]                         be.pxl.services.service.ReviewService - Fetching review with ID: 999
2025-01-12T20:27:17.498+0100 INFO               [main]                         be.pxl.services.controller.ReviewController - Request to fetch all reviews by role: user
2025-01-12T20:30:04.345+0100 INFO               [main]                         be.pxl.services.controller.ReviewControllerTests - Starting ReviewControllerTests using Java 21 with PID 21960 (started by cress in C:\Users\cress\Documents\School\Jaar 3\Semester 1\Fullstack Java\Project\project-Cresinkel\backend-java\project\review-service)
2025-01-12T20:30:04.346+0100 DEBUG              [main]                         be.pxl.services.controller.ReviewControllerTests - Running with Spring Boot v3.3.5, Spring v6.1.14
2025-01-12T20:30:04.346+0100 INFO               [main]                         be.pxl.services.controller.ReviewControllerTests - No active profile set, falling back to 1 default profile: "default"
2025-01-12T20:30:10.640+0100 INFO               [main]                         be.pxl.services.controller.ReviewControllerTests - Started ReviewControllerTests in 7.914 seconds (process running for 21.083)
2025-01-12T20:30:11.365+0100 INFO               [main]                         be.pxl.services.controller.ReviewController - Request to update review status for review ID: 1 by role: admin
2025-01-12T20:30:11.365+0100 INFO               [main]                         be.pxl.services.service.ReviewService - Updating review status for review ID: 1
2025-01-12T20:30:11.389+0100 INFO               [main]                         be.pxl.services.service.ReviewService - Sending updated review to ReviewQueue: ReviewResponse(id=1, title=Title, description=Description, author=Author, publicationDate=null, lastEditedDate=null, accepted=true, rejectionReason=null)
2025-01-12T20:30:11.400+0100 INFO               [main]                         be.pxl.services.service.ReviewService - Sending notification: NotificationRequest(description=Your post 'Title' has been accepted, postId=1)
2025-01-12T20:30:11.408+0100 INFO               [org.springframework.amqp.rabbit.RabbitListenerEndpointContainer#0-1] be.pxl.services.service.ReviewService - Received review message: ReviewResponse(id=1, title=Title, description=Description, author=Author, publicationDate=null, lastEditedDate=null, accepted=true, rejectionReason=null)
2025-01-12T20:30:11.415+0100 INFO               [org.springframework.amqp.rabbit.RabbitListenerEndpointContainer#0-1] be.pxl.services.service.ReviewService - Review already exists with ID: 1
2025-01-12T20:30:14.391+0100 INFO               [main]                         be.pxl.services.controller.ReviewController - Request to fetch all reviews by role: admin
2025-01-12T20:30:14.392+0100 INFO               [main]                         be.pxl.services.service.ReviewService - Fetching all reviews
2025-01-12T20:30:14.399+0100 INFO               [main]                         be.pxl.services.service.ReviewService - Fetched 2 reviews
2025-01-12T20:30:14.400+0100 INFO               [main]                         be.pxl.services.controller.ReviewController - Fetched 2 reviews.
2025-01-12T20:30:14.477+0100 INFO               [main]                         be.pxl.services.controller.ReviewController - Request to update review status for review ID: 1 by role: user
2025-01-12T20:30:14.511+0100 INFO               [main]                         be.pxl.services.controller.ReviewController - Fetching review with ID: 1
2025-01-12T20:30:14.511+0100 INFO               [main]                         be.pxl.services.service.ReviewService - Fetching review with ID: 1
2025-01-12T20:30:14.517+0100 INFO               [main]                         be.pxl.services.service.ReviewService - Fetched review: ReviewResponse(id=1, title=Title, description=Description, author=Author, publicationDate=null, lastEditedDate=null, accepted=false, rejectionReason=null)
2025-01-12T20:30:14.517+0100 INFO               [main]                         be.pxl.services.controller.ReviewController - Fetched review: ReviewResponse(id=1, title=Title, description=Description, author=Author, publicationDate=null, lastEditedDate=null, accepted=false, rejectionReason=null)
2025-01-12T20:30:14.538+0100 INFO               [main]                         be.pxl.services.controller.ReviewController - Fetching review with ID: 999
2025-01-12T20:30:14.538+0100 INFO               [main]                         be.pxl.services.service.ReviewService - Fetching review with ID: 999
2025-01-12T20:30:14.558+0100 INFO               [main]                         be.pxl.services.controller.ReviewController - Request to fetch all reviews by role: user
2025-01-12T20:32:19.883+0100 INFO               [main]                         be.pxl.services.controller.ReviewControllerTests - Starting ReviewControllerTests using Java 21 with PID 21260 (started by cress in C:\Users\cress\Documents\School\Jaar 3\Semester 1\Fullstack Java\Project\project-Cresinkel\backend-java\project\review-service)
2025-01-12T20:32:19.884+0100 DEBUG              [main]                         be.pxl.services.controller.ReviewControllerTests - Running with Spring Boot v3.3.5, Spring v6.1.14
2025-01-12T20:32:19.885+0100 INFO               [main]                         be.pxl.services.controller.ReviewControllerTests - No active profile set, falling back to 1 default profile: "default"
2025-01-12T20:32:25.993+0100 INFO               [main]                         be.pxl.services.controller.ReviewControllerTests - Started ReviewControllerTests in 7.764 seconds (process running for 20.947)
2025-01-12T20:32:26.553+0100 INFO               [main]                         be.pxl.services.controller.ReviewController - Request to update review status for review ID: 1 by role: admin
2025-01-12T20:32:26.554+0100 INFO               [main]                         be.pxl.services.service.ReviewService - Updating review status for review ID: 1
2025-01-12T20:32:26.577+0100 INFO               [main]                         be.pxl.services.service.ReviewService - Sending updated review to ReviewQueue: ReviewResponse(id=1, title=Title, description=Description, author=Author, publicationDate=null, lastEditedDate=null, accepted=true, rejectionReason=null)
2025-01-12T20:32:26.588+0100 INFO               [main]                         be.pxl.services.service.ReviewService - Sending notification: NotificationRequest(description=Your post 'Title' has been accepted, postId=1)
2025-01-12T20:32:26.597+0100 INFO               [org.springframework.amqp.rabbit.RabbitListenerEndpointContainer#0-1] be.pxl.services.service.ReviewService - Received review message: ReviewResponse(id=1, title=Title, description=Description, author=Author, publicationDate=null, lastEditedDate=null, accepted=true, rejectionReason=null)
2025-01-12T20:32:26.604+0100 INFO               [org.springframework.amqp.rabbit.RabbitListenerEndpointContainer#0-1] be.pxl.services.service.ReviewService - Review already exists with ID: 1
2025-01-12T20:32:29.531+0100 INFO               [main]                         be.pxl.services.controller.ReviewController - Request to fetch all reviews by role: admin
2025-01-12T20:32:29.532+0100 INFO               [main]                         be.pxl.services.service.ReviewService - Fetching all reviews
2025-01-12T20:32:29.538+0100 INFO               [main]                         be.pxl.services.service.ReviewService - Fetched 2 reviews
2025-01-12T20:32:29.538+0100 INFO               [main]                         be.pxl.services.controller.ReviewController - Fetched 2 reviews.
2025-01-12T20:32:29.616+0100 INFO               [main]                         be.pxl.services.controller.ReviewController - Request to update review status for review ID: 1 by role: user
2025-01-12T20:32:29.645+0100 INFO               [main]                         be.pxl.services.controller.ReviewController - Fetching review with ID: 1
2025-01-12T20:32:29.645+0100 INFO               [main]                         be.pxl.services.service.ReviewService - Fetching review with ID: 1
2025-01-12T20:32:29.650+0100 INFO               [main]                         be.pxl.services.service.ReviewService - Fetched review: ReviewResponse(id=1, title=Title, description=Description, author=Author, publicationDate=null, lastEditedDate=null, accepted=false, rejectionReason=null)
2025-01-12T20:32:29.650+0100 INFO               [main]                         be.pxl.services.controller.ReviewController - Fetched review: ReviewResponse(id=1, title=Title, description=Description, author=Author, publicationDate=null, lastEditedDate=null, accepted=false, rejectionReason=null)
2025-01-12T20:32:29.670+0100 INFO               [main]                         be.pxl.services.controller.ReviewController - Fetching review with ID: 999
2025-01-12T20:32:29.670+0100 INFO               [main]                         be.pxl.services.service.ReviewService - Fetching review with ID: 999
2025-01-12T20:32:29.685+0100 INFO               [main]                         be.pxl.services.controller.ReviewController - Request to fetch all reviews by role: user
2025-01-12T20:36:31.117+0100 INFO               [main]                         be.pxl.services.controller.ReviewControllerTests - Starting ReviewControllerTests using Java 21 with PID 25096 (started by cress in C:\Users\cress\Documents\School\Jaar 3\Semester 1\Fullstack Java\Project\project-Cresinkel\backend-java\project\review-service)
2025-01-12T20:36:31.117+0100 DEBUG              [main]                         be.pxl.services.controller.ReviewControllerTests - Running with Spring Boot v3.3.5, Spring v6.1.14
2025-01-12T20:36:31.118+0100 INFO               [main]                         be.pxl.services.controller.ReviewControllerTests - No active profile set, falling back to 1 default profile: "default"
2025-01-12T20:36:39.251+0100 INFO               [main]                         be.pxl.services.controller.ReviewControllerTests - Started ReviewControllerTests in 9.791 seconds (process running for 23.287)
2025-01-12T20:36:39.477+0100 INFO               [main]                         be.pxl.services.controller.ReviewController - Request to update review status for review ID: 1 by role: admin
2025-01-12T20:36:39.477+0100 INFO               [main]                         be.pxl.services.service.ReviewService - Updating review status for review ID: 1
2025-01-12T20:36:39.508+0100 INFO               [main]                         be.pxl.services.service.ReviewService - Sending updated review to ReviewQueue: ReviewResponse(id=1, title=Title, description=Description, author=Author, publicationDate=null, lastEditedDate=null, accepted=true, rejectionReason=null)
2025-01-12T20:36:39.519+0100 INFO               [main]                         be.pxl.services.service.ReviewService - Sending notification: NotificationRequest(description=Your post 'Title' has been accepted, postId=1)
2025-01-12T20:36:39.530+0100 INFO               [org.springframework.amqp.rabbit.RabbitListenerEndpointContainer#0-1] be.pxl.services.service.ReviewService - Received review message: ReviewResponse(id=1, title=Title, description=Description, author=Author, publicationDate=null, lastEditedDate=null, accepted=true, rejectionReason=null)
2025-01-12T20:36:39.535+0100 INFO               [org.springframework.amqp.rabbit.RabbitListenerEndpointContainer#0-1] be.pxl.services.service.ReviewService - Review not found, creating new review for ID: 1
2025-01-12T20:36:39.537+0100 INFO               [main]                         be.pxl.services.service.ReviewService - Deleted review with ID: 1
2025-01-12T20:36:39.537+0100 INFO               [main]                         be.pxl.services.controller.ReviewController - Review updated: Review(id=1, title=Title, description=Description, author=Author, publicationDate=null, lastEditedDate=null, accepted=true, rejectionReason=null)
2025-01-12T20:36:39.546+0100 INFO               [org.springframework.amqp.rabbit.RabbitListenerEndpointContainer#0-1] be.pxl.services.service.ReviewService - New review saved: Review(id=1, title=Title, description=Description, author=Author, publicationDate=null, lastEditedDate=null, accepted=true, rejectionReason=null)
2025-01-12T20:36:39.632+0100 INFO               [main]                         be.pxl.services.controller.ReviewController - Request to fetch all reviews by role: admin
2025-01-12T20:36:39.632+0100 INFO               [main]                         be.pxl.services.service.ReviewService - Fetching all reviews
2025-01-12T20:36:39.639+0100 INFO               [main]                         be.pxl.services.service.ReviewService - Fetched 2 reviews
2025-01-12T20:36:39.639+0100 INFO               [main]                         be.pxl.services.controller.ReviewController - Fetched 2 reviews.
2025-01-12T20:36:39.679+0100 INFO               [main]                         be.pxl.services.controller.ReviewController - Request to update review status for review ID: 1 by role: user
2025-01-12T20:36:39.713+0100 INFO               [main]                         be.pxl.services.controller.ReviewController - Fetching review with ID: 1
2025-01-12T20:36:39.713+0100 INFO               [main]                         be.pxl.services.service.ReviewService - Fetching review with ID: 1
2025-01-12T20:36:39.718+0100 INFO               [main]                         be.pxl.services.service.ReviewService - Fetched review: ReviewResponse(id=1, title=Title, description=Description, author=Author, publicationDate=null, lastEditedDate=null, accepted=false, rejectionReason=null)
2025-01-12T20:36:39.718+0100 INFO               [main]                         be.pxl.services.controller.ReviewController - Fetched review: ReviewResponse(id=1, title=Title, description=Description, author=Author, publicationDate=null, lastEditedDate=null, accepted=false, rejectionReason=null)
2025-01-12T20:36:39.737+0100 INFO               [main]                         be.pxl.services.controller.ReviewController - Fetching review with ID: 999
2025-01-12T20:36:39.737+0100 INFO               [main]                         be.pxl.services.service.ReviewService - Fetching review with ID: 999
2025-01-12T20:36:39.752+0100 INFO               [main]                         be.pxl.services.controller.ReviewController - Request to fetch all reviews by role: user
2025-01-12T20:37:45.988+0100 INFO               [main]                         be.pxl.services.controller.ReviewControllerTests - Starting ReviewControllerTests using Java 21 with PID 20644 (started by cress in C:\Users\cress\Documents\School\Jaar 3\Semester 1\Fullstack Java\Project\project-Cresinkel\backend-java\project\review-service)
2025-01-12T20:37:45.989+0100 DEBUG              [main]                         be.pxl.services.controller.ReviewControllerTests - Running with Spring Boot v3.3.5, Spring v6.1.14
2025-01-12T20:37:45.990+0100 INFO               [main]                         be.pxl.services.controller.ReviewControllerTests - No active profile set, falling back to 1 default profile: "default"
2025-01-12T20:37:54.089+0100 INFO               [main]                         be.pxl.services.controller.ReviewControllerTests - Started ReviewControllerTests in 9.761 seconds (process running for 22.959)
2025-01-12T20:37:54.336+0100 INFO               [main]                         be.pxl.services.controller.ReviewController - Request to update review status for review ID: 1 by role: admin
2025-01-12T20:37:54.336+0100 INFO               [main]                         be.pxl.services.service.ReviewService - Updating review status for review ID: 1
2025-01-12T20:37:54.361+0100 INFO               [main]                         be.pxl.services.service.ReviewService - Sending updated review to ReviewQueue: ReviewResponse(id=1, title=Title, description=Description, author=Author, publicationDate=null, lastEditedDate=null, accepted=true, rejectionReason=null)
2025-01-12T20:37:54.372+0100 INFO               [main]                         be.pxl.services.service.ReviewService - Sending notification: NotificationRequest(description=Your post 'Title' has been accepted, postId=1)
2025-01-12T20:37:54.383+0100 INFO               [org.springframework.amqp.rabbit.RabbitListenerEndpointContainer#0-1] be.pxl.services.service.ReviewService - Received review message: ReviewResponse(id=1, title=Title, description=Description, author=Author, publicationDate=null, lastEditedDate=null, accepted=true, rejectionReason=null)
2025-01-12T20:37:54.389+0100 INFO               [org.springframework.amqp.rabbit.RabbitListenerEndpointContainer#0-1] be.pxl.services.service.ReviewService - Review not found, creating new review for ID: 1
2025-01-12T20:37:54.391+0100 INFO               [main]                         be.pxl.services.service.ReviewService - Deleted review with ID: 1
2025-01-12T20:37:54.391+0100 INFO               [main]                         be.pxl.services.controller.ReviewController - Review updated: Review(id=1, title=Title, description=Description, author=Author, publicationDate=null, lastEditedDate=null, accepted=true, rejectionReason=null)
2025-01-12T20:37:54.400+0100 INFO               [org.springframework.amqp.rabbit.RabbitListenerEndpointContainer#0-1] be.pxl.services.service.ReviewService - New review saved: Review(id=1, title=Title, description=Description, author=Author, publicationDate=null, lastEditedDate=null, accepted=true, rejectionReason=null)
2025-01-12T20:37:54.487+0100 INFO               [main]                         be.pxl.services.controller.ReviewController - Request to fetch all reviews by role: admin
2025-01-12T20:37:54.487+0100 INFO               [main]                         be.pxl.services.service.ReviewService - Fetching all reviews
2025-01-12T20:37:54.494+0100 INFO               [main]                         be.pxl.services.service.ReviewService - Fetched 2 reviews
2025-01-12T20:37:54.494+0100 INFO               [main]                         be.pxl.services.controller.ReviewController - Fetched 2 reviews.
2025-01-12T20:37:54.534+0100 INFO               [main]                         be.pxl.services.controller.ReviewController - Request to update review status for review ID: 1 by role: user
2025-01-12T20:37:54.572+0100 INFO               [main]                         be.pxl.services.controller.ReviewController - Fetching review with ID: 1
2025-01-12T20:37:54.572+0100 INFO               [main]                         be.pxl.services.service.ReviewService - Fetching review with ID: 1
2025-01-12T20:37:54.577+0100 INFO               [main]                         be.pxl.services.service.ReviewService - Fetched review: ReviewResponse(id=1, title=Title, description=Description, author=Author, publicationDate=null, lastEditedDate=null, accepted=false, rejectionReason=null)
2025-01-12T20:37:54.577+0100 INFO               [main]                         be.pxl.services.controller.ReviewController - Fetched review: ReviewResponse(id=1, title=Title, description=Description, author=Author, publicationDate=null, lastEditedDate=null, accepted=false, rejectionReason=null)
2025-01-12T20:37:54.595+0100 INFO               [main]                         be.pxl.services.controller.ReviewController - Fetching review with ID: 999
2025-01-12T20:37:54.596+0100 INFO               [main]                         be.pxl.services.service.ReviewService - Fetching review with ID: 999
2025-01-12T20:37:54.610+0100 INFO               [main]                         be.pxl.services.controller.ReviewController - Request to fetch all reviews by role: user
2025-01-12T20:38:35.263+0100 INFO               [main]                         be.pxl.services.controller.ReviewControllerTests - Starting ReviewControllerTests using Java 21 with PID 18200 (started by cress in C:\Users\cress\Documents\School\Jaar 3\Semester 1\Fullstack Java\Project\project-Cresinkel\backend-java\project\review-service)
2025-01-12T20:38:35.264+0100 DEBUG              [main]                         be.pxl.services.controller.ReviewControllerTests - Running with Spring Boot v3.3.5, Spring v6.1.14
2025-01-12T20:38:35.265+0100 INFO               [main]                         be.pxl.services.controller.ReviewControllerTests - No active profile set, falling back to 1 default profile: "default"
2025-01-12T20:38:43.521+0100 INFO               [main]                         be.pxl.services.controller.ReviewControllerTests - Started ReviewControllerTests in 9.903 seconds (process running for 22.882)
2025-01-12T20:38:43.758+0100 INFO               [main]                         be.pxl.services.controller.ReviewController - Request to update review status for review ID: 1 by role: admin
2025-01-12T20:38:43.758+0100 INFO               [main]                         be.pxl.services.service.ReviewService - Updating review status for review ID: 1
2025-01-12T20:38:43.792+0100 INFO               [main]                         be.pxl.services.service.ReviewService - Sending updated review to ReviewQueue: ReviewResponse(id=1, title=Title, description=Description, author=Author, publicationDate=null, lastEditedDate=null, accepted=true, rejectionReason=null)
2025-01-12T20:38:43.804+0100 INFO               [main]                         be.pxl.services.service.ReviewService - Sending notification: NotificationRequest(description=Your post 'Title' has been accepted, postId=1)
2025-01-12T20:38:43.814+0100 INFO               [org.springframework.amqp.rabbit.RabbitListenerEndpointContainer#0-1] be.pxl.services.service.ReviewService - Received review message: ReviewResponse(id=1, title=Title, description=Description, author=Author, publicationDate=null, lastEditedDate=null, accepted=true, rejectionReason=null)
2025-01-12T20:38:43.820+0100 INFO               [org.springframework.amqp.rabbit.RabbitListenerEndpointContainer#0-1] be.pxl.services.service.ReviewService - Review not found, creating new review for ID: 1
2025-01-12T20:38:43.822+0100 INFO               [main]                         be.pxl.services.service.ReviewService - Deleted review with ID: 1
2025-01-12T20:38:43.822+0100 INFO               [main]                         be.pxl.services.controller.ReviewController - Review updated: Review(id=1, title=Title, description=Description, author=Author, publicationDate=null, lastEditedDate=null, accepted=true, rejectionReason=null)
2025-01-12T20:38:43.854+0100 INFO               [org.springframework.amqp.rabbit.RabbitListenerEndpointContainer#0-1] be.pxl.services.service.ReviewService - New review saved: Review(id=1, title=Title, description=Description, author=Author, publicationDate=null, lastEditedDate=null, accepted=true, rejectionReason=null)
2025-01-12T20:38:43.930+0100 INFO               [main]                         be.pxl.services.controller.ReviewController - Request to fetch all reviews by role: admin
2025-01-12T20:38:43.930+0100 INFO               [main]                         be.pxl.services.service.ReviewService - Fetching all reviews
2025-01-12T20:38:43.937+0100 INFO               [main]                         be.pxl.services.service.ReviewService - Fetched 2 reviews
2025-01-12T20:38:43.937+0100 INFO               [main]                         be.pxl.services.controller.ReviewController - Fetched 2 reviews.
2025-01-12T20:38:43.973+0100 INFO               [main]                         be.pxl.services.controller.ReviewController - Request to update review status for review ID: 1 by role: user
2025-01-12T20:38:44.003+0100 INFO               [main]                         be.pxl.services.controller.ReviewController - Fetching review with ID: 1
2025-01-12T20:38:44.003+0100 INFO               [main]                         be.pxl.services.service.ReviewService - Fetching review with ID: 1
2025-01-12T20:38:44.008+0100 INFO               [main]                         be.pxl.services.service.ReviewService - Fetched review: ReviewResponse(id=1, title=Title, description=Description, author=Author, publicationDate=null, lastEditedDate=null, accepted=false, rejectionReason=null)
2025-01-12T20:38:44.008+0100 INFO               [main]                         be.pxl.services.controller.ReviewController - Fetched review: ReviewResponse(id=1, title=Title, description=Description, author=Author, publicationDate=null, lastEditedDate=null, accepted=false, rejectionReason=null)
2025-01-12T20:38:44.026+0100 INFO               [main]                         be.pxl.services.controller.ReviewController - Fetching review with ID: 999
2025-01-12T20:38:44.027+0100 INFO               [main]                         be.pxl.services.service.ReviewService - Fetching review with ID: 999
2025-01-12T20:38:44.046+0100 INFO               [main]                         be.pxl.services.controller.ReviewController - Request to fetch all reviews by role: user
2025-01-12T20:43:14.472+0100 INFO               [main]                         be.pxl.services.controller.ReviewControllerTests - Starting ReviewControllerTests using Java 21 with PID 27204 (started by cress in C:\Users\cress\Documents\School\Jaar 3\Semester 1\Fullstack Java\Project\project-Cresinkel\backend-java\project\review-service)
2025-01-12T20:43:14.473+0100 DEBUG              [main]                         be.pxl.services.controller.ReviewControllerTests - Running with Spring Boot v3.3.5, Spring v6.1.14
2025-01-12T20:43:14.474+0100 INFO               [main]                         be.pxl.services.controller.ReviewControllerTests - No active profile set, falling back to 1 default profile: "default"
2025-01-12T20:43:22.481+0100 INFO               [main]                         be.pxl.services.controller.ReviewControllerTests - Started ReviewControllerTests in 9.645 seconds (process running for 22.643)
2025-01-12T20:43:22.659+0100 INFO               [main]                         be.pxl.services.controller.ReviewController - Fetching review with ID: 999
2025-01-12T20:43:22.659+0100 INFO               [main]                         be.pxl.services.service.ReviewService - Fetching review with ID: 999
2025-01-12T20:48:13.662+0100 INFO               [main]                         be.pxl.services.controller.ReviewControllerTests - Starting ReviewControllerTests using Java 21 with PID 26184 (started by cress in C:\Users\cress\Documents\School\Jaar 3\Semester 1\Fullstack Java\Project\project-Cresinkel\backend-java\project\review-service)
2025-01-12T20:48:13.664+0100 DEBUG              [main]                         be.pxl.services.controller.ReviewControllerTests - Running with Spring Boot v3.3.5, Spring v6.1.14
2025-01-12T20:48:13.665+0100 INFO               [main]                         be.pxl.services.controller.ReviewControllerTests - No active profile set, falling back to 1 default profile: "default"
2025-01-12T20:48:20.173+0100 INFO               [main]                         be.pxl.services.controller.ReviewControllerTests - Started ReviewControllerTests in 8.468 seconds (process running for 25.178)
2025-01-12T20:48:20.176+0100 INFO               [org.springframework.amqp.rabbit.RabbitListenerEndpointContainer#0-1] be.pxl.services.service.ReviewService - Received review message: ReviewResponse(id=6, title=Title, description=Description, author=Author, publicationDate=null, lastEditedDate=null, accepted=false, rejectionReason=null)
2025-01-12T20:48:20.285+0100 INFO               [org.springframework.amqp.rabbit.RabbitListenerEndpointContainer#0-1] be.pxl.services.service.ReviewService - Review not found, creating new review for ID: 6
2025-01-12T20:48:20.350+0100 INFO               [org.springframework.amqp.rabbit.RabbitListenerEndpointContainer#0-1] be.pxl.services.service.ReviewService - New review saved: Review(id=6, title=Title, description=Description, author=Author, publicationDate=null, lastEditedDate=null, accepted=false, rejectionReason=null)
2025-01-12T20:48:20.466+0100 INFO               [main]                         be.pxl.services.controller.ReviewController - Request to update review status for review ID: 1 by role: admin
2025-01-12T20:48:20.466+0100 INFO               [main]                         be.pxl.services.service.ReviewService - Updating review status for review ID: 1
2025-01-12T20:48:20.490+0100 INFO               [main]                         be.pxl.services.service.ReviewService - Sending updated review to ReviewQueue: ReviewResponse(id=1, title=Title, description=Description, author=Author, publicationDate=null, lastEditedDate=null, accepted=true, rejectionReason=null)
2025-01-12T20:48:20.499+0100 INFO               [main]                         be.pxl.services.service.ReviewService - Sending notification: NotificationRequest(description=Your post 'Title' has been accepted, postId=1)
2025-01-12T20:48:20.501+0100 INFO               [org.springframework.amqp.rabbit.RabbitListenerEndpointContainer#0-1] be.pxl.services.service.ReviewService - Received review message: ReviewResponse(id=1, title=Title, description=Description, author=Author, publicationDate=null, lastEditedDate=null, accepted=true, rejectionReason=null)
2025-01-12T20:48:20.507+0100 INFO               [org.springframework.amqp.rabbit.RabbitListenerEndpointContainer#0-1] be.pxl.services.service.ReviewService - Review not found, creating new review for ID: 1
2025-01-12T20:48:20.514+0100 INFO               [main]                         be.pxl.services.service.ReviewService - Deleted review with ID: 1
2025-01-12T20:48:20.515+0100 INFO               [main]                         be.pxl.services.controller.ReviewController - Review updated: Review(id=1, title=Title, description=Description, author=Author, publicationDate=null, lastEditedDate=null, accepted=true, rejectionReason=null)
2025-01-12T20:48:20.521+0100 INFO               [org.springframework.amqp.rabbit.RabbitListenerEndpointContainer#0-1] be.pxl.services.service.ReviewService - New review saved: Review(id=1, title=Title, description=Description, author=Author, publicationDate=null, lastEditedDate=null, accepted=true, rejectionReason=null)
2025-01-12T20:48:20.628+0100 INFO               [main]                         be.pxl.services.controller.ReviewController - Request to fetch all reviews by role: admin
2025-01-12T20:48:20.628+0100 INFO               [main]                         be.pxl.services.service.ReviewService - Fetching all reviews
2025-01-12T20:48:20.634+0100 INFO               [main]                         be.pxl.services.service.ReviewService - Fetched 2 reviews
2025-01-12T20:48:20.634+0100 INFO               [main]                         be.pxl.services.controller.ReviewController - Fetched 2 reviews.
2025-01-12T20:48:20.674+0100 INFO               [main]                         be.pxl.services.controller.ReviewController - Request to update review status for review ID: 1 by role: user
2025-01-12T20:48:20.708+0100 INFO               [main]                         be.pxl.services.controller.ReviewController - Fetching review with ID: 1
2025-01-12T20:48:20.708+0100 INFO               [main]                         be.pxl.services.service.ReviewService - Fetching review with ID: 1
2025-01-12T20:48:20.712+0100 INFO               [main]                         be.pxl.services.service.ReviewService - Fetched review: ReviewResponse(id=1, title=Title, description=Description, author=Author, publicationDate=null, lastEditedDate=null, accepted=false, rejectionReason=null)
2025-01-12T20:48:20.712+0100 INFO               [main]                         be.pxl.services.controller.ReviewController - Fetched review: ReviewResponse(id=1, title=Title, description=Description, author=Author, publicationDate=null, lastEditedDate=null, accepted=false, rejectionReason=null)
2025-01-12T20:48:20.731+0100 INFO               [main]                         be.pxl.services.controller.ReviewController - Request to fetch all reviews by role: user
2025-01-12T20:48:22.380+0100 INFO               [main]                         be.pxl.services.rabbitmq.QueueConfigurationTests - Starting QueueConfigurationTests using Java 21 with PID 26184 (started by cress in C:\Users\cress\Documents\School\Jaar 3\Semester 1\Fullstack Java\Project\project-Cresinkel\backend-java\project\review-service)
2025-01-12T20:48:22.380+0100 DEBUG              [main]                         be.pxl.services.rabbitmq.QueueConfigurationTests - Running with Spring Boot v3.3.5, Spring v6.1.14
2025-01-12T20:48:22.380+0100 INFO               [main]                         be.pxl.services.rabbitmq.QueueConfigurationTests - No active profile set, falling back to 1 default profile: "default"
2025-01-12T20:48:22.432+0100 INFO               [main]                         be.pxl.services.rabbitmq.QueueConfigurationTests - Started QueueConfigurationTests in 1.15 seconds (process running for 27.438)
