2025-01-12T17:20:44.127+0100 INFO               [main]                         be.pxl.services.service.CommentServiceTests - Starting CommentServiceTests using Java 21 with PID 22016 (started by cress in C:\Users\cress\Documents\School\Jaar 3\Semester 1\Fullstack Java\Project\project-Cresinkel\backend-java\project\comment-service)
2025-01-12T17:20:44.128+0100 DEBUG              [main]                         be.pxl.services.service.CommentServiceTests - Running with Spring Boot v3.3.5, Spring v6.1.14
2025-01-12T17:20:44.129+0100 INFO               [main]                         be.pxl.services.service.CommentServiceTests - No active profile set, falling back to 1 default profile: "default"
2025-01-12T17:20:46.716+0100 INFO               [main]                         be.pxl.services.controller.CommentController - Getting Comments for Post with id: 1
2025-01-12T17:20:46.820+0100 INFO               [main]                         be.pxl.services.controller.CommentController - Deleting Comment with id: 1, Performed by: author1
2025-01-12T17:20:46.836+0100 INFO               [main]                         be.pxl.services.controller.CommentController - Deleting Comment with id: 1, Performed by: author1
2025-01-12T17:20:46.868+0100 INFO               [main]                         be.pxl.services.controller.CommentController - Creating Post: CommentRequest(description=null, author=null, postId=null)
2025-01-12T17:20:46.879+0100 INFO               [main]                         be.pxl.services.controller.CommentController - Updating Review status for Comment with id: 1, Request: UpdateCommentRequest(description=null, commentId=1), Performed by: author1
2025-01-12T17:20:46.887+0100 INFO               [main]                         be.pxl.services.controller.CommentController - Creating Post: CommentRequest(description=null, author=null, postId=null)
2025-01-12T17:20:46.896+0100 INFO               [main]                         be.pxl.services.controller.CommentController - Updating Review status for Comment with id: 1, Request: UpdateCommentRequest(description=Updated comment, commentId=1), Performed by: author1
2025-01-12T20:51:55.819+0100 INFO               [main]                         be.pxl.services.controller.CommentConrollerTests - Starting CommentConrollerTests using Java 21 with PID 9912 (started by cress in C:\Users\cress\Documents\School\Jaar 3\Semester 1\Fullstack Java\Project\project-Cresinkel\backend-java\project\comment-service)
2025-01-12T20:51:55.820+0100 DEBUG              [main]                         be.pxl.services.controller.CommentConrollerTests - Running with Spring Boot v3.3.5, Spring v6.1.14
2025-01-12T20:51:55.821+0100 INFO               [main]                         be.pxl.services.controller.CommentConrollerTests - No active profile set, falling back to 1 default profile: "default"
2025-01-12T20:52:01.809+0100 INFO               [main]                         be.pxl.services.controller.CommentConrollerTests - Started CommentConrollerTests in 7.657 seconds (process running for 21.53)
2025-01-12T20:52:02.359+0100 INFO               [main]                         be.pxl.services.controller.CommentController - Updating Review status for Comment with id: 1, Request: UpdateCommentRequest(description=Updated comment, commentId=1), Performed by: author1
2025-01-12T20:52:02.374+0100 DEBUG              [main]                         be.pxl.services.service.ICommentService - Found comment: Comment(id=1, postId=1, description=Original description, author=author1)
2025-01-12T20:52:02.391+0100 INFO               [main]                         be.pxl.services.service.ICommentService - Updated comment: Comment(id=1, postId=1, description=Updated comment, author=author1)
2025-01-12T20:52:02.452+0100 INFO               [main]                         be.pxl.services.controller.CommentController - Getting Comments for Post with id: 1
2025-01-12T20:52:02.528+0100 INFO               [main]                         be.pxl.services.controller.CommentController - Deleting Comment with id: 3, Performed by: author1
2025-01-12T20:52:02.553+0100 INFO               [main]                         be.pxl.services.service.ICommentService - Deleted Comment with id: 3
2025-01-12T20:52:02.807+0100 INFO               [main]                         be.pxl.services.controller.CommentController - Creating Post: CommentRequest(description=This is a comment, author=author1, postId=1)
2025-01-12T20:52:02.818+0100 INFO               [main]                         be.pxl.services.service.ICommentService - Create Comment: Comment(id=4, postId=1, description=This is a comment, author=author1)
2025-01-12T20:52:02.836+0100 INFO               [main]                         be.pxl.services.controller.CommentController - Creating Post: CommentRequest(description=This is a comment, author=author1, postId=1)
2025-01-12T20:52:26.780+0100 INFO               [main]                         be.pxl.services.controller.CommentConrollerTests - Starting CommentConrollerTests using Java 21 with PID 22980 (started by cress in C:\Users\cress\Documents\School\Jaar 3\Semester 1\Fullstack Java\Project\project-Cresinkel\backend-java\project\comment-service)
2025-01-12T20:52:26.781+0100 DEBUG              [main]                         be.pxl.services.controller.CommentConrollerTests - Running with Spring Boot v3.3.5, Spring v6.1.14
2025-01-12T20:52:26.781+0100 INFO               [main]                         be.pxl.services.controller.CommentConrollerTests - No active profile set, falling back to 1 default profile: "default"
2025-01-12T20:52:33.265+0100 INFO               [main]                         be.pxl.services.controller.CommentConrollerTests - Started CommentConrollerTests in 8.498 seconds (process running for 24.462)
2025-01-12T20:52:33.577+0100 INFO               [main]                         be.pxl.services.controller.CommentController - Updating Review status for Comment with id: 1, Request: UpdateCommentRequest(description=Updated comment, commentId=1), Performed by: author1
2025-01-12T20:52:33.598+0100 DEBUG              [main]                         be.pxl.services.service.ICommentService - Found comment: Comment(id=1, postId=1, description=Original description, author=author1)
2025-01-12T20:52:33.618+0100 INFO               [main]                         be.pxl.services.service.ICommentService - Updated comment: Comment(id=1, postId=1, description=Updated comment, author=author1)
2025-01-12T20:52:33.686+0100 INFO               [main]                         be.pxl.services.controller.CommentController - Getting Comments for Post with id: 1
2025-01-12T20:52:33.786+0100 INFO               [main]                         be.pxl.services.controller.CommentController - Deleting Comment with id: 3, Performed by: author1
2025-01-12T20:52:33.807+0100 INFO               [main]                         be.pxl.services.service.ICommentService - Deleted Comment with id: 3
2025-01-12T20:52:34.146+0100 INFO               [main]                         be.pxl.services.controller.CommentController - Creating Post: CommentRequest(description=This is a comment, author=author1, postId=1)
2025-01-12T20:52:34.161+0100 INFO               [main]                         be.pxl.services.service.ICommentService - Create Comment: Comment(id=4, postId=1, description=This is a comment, author=author1)
2025-01-12T20:52:34.180+0100 INFO               [main]                         be.pxl.services.controller.CommentController - Creating Post: CommentRequest(description=This is a comment, author=author1, postId=1)
